
Welcome to TOPAS, Tool for Particle Simulation (Version 3.2.p2)

TOPAS is distributed under a Single User License described at:
http://www.topasmc.org/registration
Every user must have their own, individual, valid license to run TOPAS.

Loading parameters starting from: matRad_plan_field1_run3.txt

Geant4 Data directory has been specified by the
TOPAS_G4_DATA_DIR environment variable as /home/pia/G4Data

**************************************************************
 Geant4 version Name: geant4-10-05-patch-01 [MT]   (17-April-2019)
  << in Multi-threaded mode >> 
                       Copyright : Geant4 Collaboration
                      References : NIM A 506 (2003), 250-303
                                 : IEEE-TNS 53 (2006), 270-278
                                 : NIM A 835 (2016), 186-225
                             WWW : http://geant4.org/
**************************************************************

TOPAS is in MT mode, setting number of threads to: 8

TOPAS set the tolerances based on the World size to:
      Surface tolerance = 0.02 nm, and radial tolerance = 0.02 nm.
Checking overlaps for volume MultiLeafCollimatorA ... OK! 

TOPAS will read image file: ./matRad_cube.dat
Image data type is Short
    Iso Center [cm]:       ( -0.080893, 1.40853, -0.0142129 )
    # of Voxels:           ( 100, 100, 65 )
    Voxel Dimensions X and Y [cm]: ( 0.5, 0.5 ) 
    Number of Slice Thickness Sections: 1
      Slice thickness section 1 has number of voxels: 65 of thickness: 0.5 cm.
    Rotation [deg]:       ( 0, 0, 0 )
Checking overlaps for volume Patient ... OK! 

Creating material map from image: ./matRad_cube.dat
Finished defining materials from imaging. Total number of materials used was: 10000

Checking for Unused Components.
These are Components that were never built even though they were at least
partially defined in some parameters. This is not necessarily an error.
It may be an intentional choice to have these Component definitions handy for later use.
To turn off this check, set Ge/CheckForUnusedComponents to False
  No unused components were found.

/home/pia/G4Data/G4NDL4.5
@@@ G4ParticleHPInelastic instantiated for particle neutron data directory variable is G4NEUTRONHPDATA pointing to /home/pia/G4Data/G4NDL4.5/Inelastic
@@@ G4ParticleHPInelasticData instantiated for particle neutron data directory variable is G4NEUTRONHPDATA pointing to /home/pia/G4Data/G4NDL4.5
NeutronHP: /Capture file for Z = 6, A = 12 is not found and NeutronHP will use /home/pia/G4Data/G4NDL4.5/Capture/CrossSection/6_nat_Carbon
NeutronHP: /Elastic file for Z = 6, A = 12 is not found and NeutronHP will use /home/pia/G4Data/G4NDL4.5/Elastic/CrossSection/6_nat_Carbon
NeutronHP: /Inelastic file for Z = 6, A = 12 is not found and NeutronHP will use /home/pia/G4Data/G4NDL4.5/Inelastic/CrossSection/6_nat_Carbon
NeutronHP: /Capture file for Z = 6, A = 13 is not found and NeutronHP will use /home/pia/G4Data/G4NDL4.5/Capture/CrossSection/6_nat_Carbon
NeutronHP: /Elastic file for Z = 6, A = 13 is not found and NeutronHP will use /home/pia/G4Data/G4NDL4.5/Elastic/CrossSection/6_nat_Carbon
NeutronHP: /Inelastic file for Z = 6, A = 13 is not found and NeutronHP will use /home/pia/G4Data/G4NDL4.5/Inelastic/CrossSection/6_nat_Carbon
NeutronHP: /Capture file for Z = 8, A = 18 is not found and NeutronHP will use /home/pia/G4Data/G4NDL4.5/Capture/CrossSection/8_17_Oxygen
NeutronHP: /Elastic file for Z = 8, A = 18 is not found and NeutronHP will use /home/pia/G4Data/G4NDL4.5/Elastic/CrossSection/8_17_Oxygen
NeutronHP: /Inelastic file for Z = 8, A = 18 is not found and NeutronHP will use /home/pia/G4Data/G4NDL4.5/Inelastic/CrossSection/8_17_Oxygen
Visualization verbosity changed to quiet (0)
TsSequenceManager::UpdateForSpecificParameterChange called for parameterName: tf/beam/anglex/value
TsSequenceManager::UpdateForSpecificParameterChange called for parameterName: tf/beam/angley/value
TsSequenceManager::UpdateForSpecificParameterChange called for parameterName: tf/beam/current/value
TsSequenceManager::UpdateForSpecificParameterChange called for parameterName: tf/beam/energy/value
TsSequenceManager::UpdateForSpecificParameterChange called for parameterName: tf/beam/energyspread/value
TsSequenceManager::UpdateForSpecificParameterChange called for parameterName: tf/beam/posx/value
TsSequenceManager::UpdateForSpecificParameterChange called for parameterName: tf/beam/posy/value
TsSequenceManager::UpdateForSpecificParameterChange called for parameterName: tf/leafxminus1/value
TsSequenceManager::UpdateForSpecificParameterChange called for parameterName: tf/leafxminus10/value
TsSequenceManager::UpdateForSpecificParameterChange called for parameterName: tf/leafxminus11/value
TsSequenceManager::UpdateForSpecificParameterChange called for parameterName: tf/leafxminus12/value
TsSequenceManager::UpdateForSpecificParameterChange called for parameterName: tf/leafxminus13/value
TsSequenceManager::UpdateForSpecificParameterChange called for parameterName: tf/leafxminus14/value
TsSequenceManager::UpdateForSpecificParameterChange called for parameterName: tf/leafxminus15/value
TsSequenceManager::UpdateForSpecificParameterChange called for parameterName: tf/leafxminus16/value
TsSequenceManager::UpdateForSpecificParameterChange called for parameterName: tf/leafxminus17/value
TsSequenceManager::UpdateForSpecificParameterChange called for parameterName: tf/leafxminus18/value
TsSequenceManager::UpdateForSpecificParameterChange called for parameterName: tf/leafxminus19/value
TsSequenceManager::UpdateForSpecificParameterChange called for parameterName: tf/leafxminus2/value
TsSequenceManager::UpdateForSpecificParameterChange called for parameterName: tf/leafxminus3/value
TsSequenceManager::UpdateForSpecificParameterChange called for parameterName: tf/leafxminus4/value
TsSequenceManager::UpdateForSpecificParameterChange called for parameterName: tf/leafxminus5/value
TsSequenceManager::UpdateForSpecificParameterChange called for parameterName: tf/leafxminus6/value
TsSequenceManager::UpdateForSpecificParameterChange called for parameterName: tf/leafxminus7/value
TsSequenceManager::UpdateForSpecificParameterChange called for parameterName: tf/leafxminus8/value
TsSequenceManager::UpdateForSpecificParameterChange called for parameterName: tf/leafxminus9/value
TsSequenceManager::UpdateForSpecificParameterChange called for parameterName: tf/leafxplus1/value
TsSequenceManager::UpdateForSpecificParameterChange called for parameterName: tf/leafxplus10/value
TsSequenceManager::UpdateForSpecificParameterChange called for parameterName: tf/leafxplus11/value
TsSequenceManager::UpdateForSpecificParameterChange called for parameterName: tf/leafxplus12/value
TsSequenceManager::UpdateForSpecificParameterChange called for parameterName: tf/leafxplus13/value
TsSequenceManager::UpdateForSpecificParameterChange called for parameterName: tf/leafxplus14/value
TsSequenceManager::UpdateForSpecificParameterChange called for parameterName: tf/leafxplus15/value
TsSequenceManager::UpdateForSpecificParameterChange called for parameterName: tf/leafxplus16/value
TsSequenceManager::UpdateForSpecificParameterChange called for parameterName: tf/leafxplus17/value
TsSequenceManager::UpdateForSpecificParameterChange called for parameterName: tf/leafxplus18/value
TsSequenceManager::UpdateForSpecificParameterChange called for parameterName: tf/leafxplus19/value
TsSequenceManager::UpdateForSpecificParameterChange called for parameterName: tf/leafxplus2/value
TsSequenceManager::UpdateForSpecificParameterChange called for parameterName: tf/leafxplus3/value
TsSequenceManager::UpdateForSpecificParameterChange called for parameterName: tf/leafxplus4/value
TsSequenceManager::UpdateForSpecificParameterChange called for parameterName: tf/leafxplus5/value
TsSequenceManager::UpdateForSpecificParameterChange called for parameterName: tf/leafxplus6/value
TsSequenceManager::UpdateForSpecificParameterChange called for parameterName: tf/leafxplus7/value
TsSequenceManager::UpdateForSpecificParameterChange called for parameterName: tf/leafxplus8/value
TsSequenceManager::UpdateForSpecificParameterChange called for parameterName: tf/leafxplus9/value

### ===  Deexcitation model UAtomDeexcitation is activated for 1 region:
          DefaultRegionForTheWorld  1  0  0
### ===  Ignore cuts flag:   0

phot:  for gamma SubType=12 BuildTable=0
      LambdaPrime table from 200 keV to 500 MeV in 71 bins 
      ===== EM models for the G4Region  DefaultRegionForTheWorld ======
 LivermorePhElectric : Emin=    0 eV  Emax=  500 MeV  SauterGavrila Fluo

compt:  for gamma SubType=13 BuildTable=1
      Lambda table from 100 eV  to 1 MeV, 21 bins/decade, spline: 1
      LambdaPrime table from 1 MeV to 500 MeV in 56 bins 
      ===== EM models for the G4Region  DefaultRegionForTheWorld ======
   LowEPComptonModel : Emin=    0 eV  Emax=   20 MeV Fluo
        KleinNishina : Emin=   20 MeV Emax=  500 MeV Fluo

conv:  for gamma SubType=14 BuildTable=1
      Lambda table from 1.022 MeV to 500 MeV, 33 bins/decade, spline: 1
      ===== EM models for the G4Region  DefaultRegionForTheWorld ======
       PenConversion : Emin=    0 eV  Emax=   20 MeV
        BetheHeitler : Emin=   20 MeV Emax=  500 MeV  ModifiedTsai

Rayl:  for gamma SubType=11 BuildTable=1
      Lambda table from 100 eV  to 100 keV, 21 bins/decade, spline: 0
      LambdaPrime table from 100 keV to 500 MeV in 77 bins 
      ===== EM models for the G4Region  DefaultRegionForTheWorld ======
   LivermoreRayleigh : Emin=    0 eV  Emax=  500 MeV  CullenGenerator

msc:  for e-  SubType= 10
      RangeFactor= 0.08, stepLimType: 2, latDisp: 1
      ===== EM models for the G4Region  DefaultRegionForTheWorld ======
  GoudsmitSaunderson : Emin=    0 eV  Emax=  100 MeV Nbins=120 100 eV  - 100 MeV
        WentzelVIUni : Emin=  100 MeV Emax=  500 MeV Nbins=20 100 MeV - 500 MeV

eIoni:  for e-  SubType=2
      dE/dx and range tables from 100 eV  to 500 MeV in 140 bins
      Lambda tables from threshold to 500 MeV, 20 bins/decade, spline: 1
      StepFunction=(0.2, 0.01 mm), integ: 1, fluct: 1, linLossLim= 0.01
      ===== EM models for the G4Region  DefaultRegionForTheWorld ======
       LowEnergyIoni : Emin=    0 eV  Emax=  100 keV  deltaVI
        MollerBhabha : Emin=  100 keV Emax=  500 MeV  deltaVI

eBrem:  for e-  SubType=3
      dE/dx and range tables from 100 eV  to 500 MeV in 140 bins
      Lambda tables from threshold to 500 MeV, 20 bins/decade, spline: 1
      LPM flag: 1 for E > 0.5 GeV,  VertexHighEnergyTh(GeV)= 100000
      ===== EM models for the G4Region  DefaultRegionForTheWorld ======
             eBremSB : Emin=    0 eV  Emax=  500 MeV  AngularGen2BS

ePairProd:  for e-  SubType=4
      dE/dx and range tables from 100 eV  to 500 MeV in 140 bins
      Lambda tables from threshold to 500 MeV, 20 bins/decade, spline: 1
      Sampling table 4x1001; from 0.1 GeV to 0.0005 TeV 
      ===== EM models for the G4Region  DefaultRegionForTheWorld ======
           ePairProd : Emin=    0 eV  Emax=  500 MeV

CoulombScat:  for e-, integral:1  SubType=1 BuildTable=1
      Lambda table from 100 MeV to 500 MeV, 21 bins/decade, spline: 1
      ThetaMin(p) < Theta(degree) < 180; pLimit(GeV^1)= 0.139531
      ===== EM models for the G4Region  DefaultRegionForTheWorld ======
  eCoulombScattering : Emin=  100 MeV Emax=  500 MeV

msc:  for e+  SubType= 10
      RangeFactor= 0.08, stepLimType: 2, latDisp: 1
      ===== EM models for the G4Region  DefaultRegionForTheWorld ======
  GoudsmitSaunderson : Emin=    0 eV  Emax=  100 MeV Nbins=120 100 eV  - 100 MeV
        WentzelVIUni : Emin=  100 MeV Emax=  500 MeV Nbins=20 100 MeV - 500 MeV

eIoni:  for e+  SubType=2
      dE/dx and range tables from 100 eV  to 500 MeV in 140 bins
      Lambda tables from threshold to 500 MeV, 20 bins/decade, spline: 1
      StepFunction=(0.2, 0.01 mm), integ: 1, fluct: 1, linLossLim= 0.01
      ===== EM models for the G4Region  DefaultRegionForTheWorld ======
             PenIoni : Emin=    0 eV  Emax=  100 keV
        MollerBhabha : Emin=  100 keV Emax=  500 MeV  deltaVI

eBrem:  for e+  SubType=3
      dE/dx and range tables from 100 eV  to 500 MeV in 140 bins
      Lambda tables from threshold to 500 MeV, 20 bins/decade, spline: 1
      LPM flag: 1 for E > 0.5 GeV,  VertexHighEnergyTh(GeV)= 100000
      ===== EM models for the G4Region  DefaultRegionForTheWorld ======
             eBremSB : Emin=    0 eV  Emax=  500 MeV  AngularGen2BS

ePairProd:  for e+  SubType=4
      dE/dx and range tables from 100 eV  to 500 MeV in 140 bins
      Lambda tables from threshold to 500 MeV, 20 bins/decade, spline: 1
      Sampling table 4x1001; from 0.1 GeV to 0.0005 TeV 
      ===== EM models for the G4Region  DefaultRegionForTheWorld ======
           ePairProd : Emin=    0 eV  Emax=  500 MeV

annihil:  for e+, integral:1  SubType=5 BuildTable=0
      ===== EM models for the G4Region  DefaultRegionForTheWorld ======
            eplus2gg : Emin=    0 eV  Emax=  500 MeV

CoulombScat:  for e+, integral:1  SubType=1 BuildTable=1
      Lambda table from 100 MeV to 500 MeV, 21 bins/decade, spline: 1
      ThetaMin(p) < Theta(degree) < 180; pLimit(GeV^1)= 0.139531
      ===== EM models for the G4Region  DefaultRegionForTheWorld ======
  eCoulombScattering : Emin=  100 MeV Emax=  500 MeV

msc:  for proton  SubType= 10
      RangeFactor= 0.2, stepLimType: 0, latDisp: 1
      ===== EM models for the G4Region  DefaultRegionForTheWorld ======
        WentzelVIUni : Emin=    0 eV  Emax=  500 MeV Nbins=140 100 eV  - 500 MeV

hIoni:  for proton  SubType=2
      dE/dx and range tables from 100 eV  to 500 MeV in 140 bins
      Lambda tables from threshold to 500 MeV, 20 bins/decade, spline: 1
      StepFunction=(0.1, 0.02 mm), integ: 1, fluct: 1, linLossLim= 0.01
      ===== EM models for the G4Region  DefaultRegionForTheWorld ======
               Bragg : Emin=    0 eV  Emax=    2 MeV  deltaVI
          BetheBloch : Emin=    2 MeV Emax=  500 MeV  deltaVI

hBrems:  for proton  SubType=3
      dE/dx and range tables from 100 eV  to 500 MeV in 140 bins
      Lambda tables from threshold to 500 MeV, 20 bins/decade, spline: 1
      ===== EM models for the G4Region  DefaultRegionForTheWorld ======
               hBrem : Emin=    0 eV  Emax=  500 MeV

hPairProd:  for proton  SubType=4
      dE/dx and range tables from 100 eV  to 500 MeV in 140 bins
      Lambda tables from threshold to 500 MeV, 20 bins/decade, spline: 1
      ===== EM models for the G4Region  DefaultRegionForTheWorld ======
           hPairProd : Emin=    0 eV  Emax=  500 MeV

CoulombScat:  for proton, integral:1  SubType=1 BuildTable=1
      Lambda table from threshold  to 500 MeV, 21 bins/decade, spline: 1
      ThetaMin(p) < Theta(degree) < 180; pLimit(GeV^1)= 0.139531
      ===== EM models for the G4Region  DefaultRegionForTheWorld ======
  eCoulombScattering : Emin=    0 eV  Emax=  500 MeV

msc:  for GenericIon  SubType= 10
      RangeFactor= 0.2, stepLimType: 0, latDisp: 0
      ===== EM models for the G4Region  DefaultRegionForTheWorld ======
            UrbanMsc : Emin=    0 eV  Emax=  500 MeV

ionIoni:  for GenericIon  SubType=2
      dE/dx and range tables from 100 eV  to 500 MeV in 140 bins
      Lambda tables from threshold to 500 MeV, 20 bins/decade, spline: 1
      StepFunction=(0.1, 0.001 mm), integ: 1, fluct: 1, linLossLim= 0.02
      ===== EM models for the G4Region  DefaultRegionForTheWorld ======
         ParamICRU73 : Emin=    0 eV  Emax=  500 MeV  deltaVI

nuclearStopping:  for GenericIon SubType=8 BuildTable=0
      ===== EM models for the G4Region  DefaultRegionForTheWorld ======
   ICRU49NucStopping : Emin=    0 eV  Emax=    1 MeV

msc:  for alpha  SubType= 10
      RangeFactor= 0.2, stepLimType: 0, latDisp: 1
      ===== EM models for the G4Region  DefaultRegionForTheWorld ======
            UrbanMsc : Emin=    0 eV  Emax=  500 MeV Nbins=140 100 eV  - 500 MeV

ionIoni:  for alpha  SubType=2
      dE/dx and range tables from 100 eV  to 500 MeV in 140 bins
      Lambda tables from threshold to 500 MeV, 20 bins/decade, spline: 1
      StepFunction=(0.1, 0.02 mm), integ: 1, fluct: 1, linLossLim= 0.02
      ===== EM models for the G4Region  DefaultRegionForTheWorld ======
            BraggIon : Emin=    0 eV  Emax=7.9452 MeV  deltaVI
          BetheBloch : Emin=7.9452 MeV Emax=  500 MeV  deltaVI

nuclearStopping:  for alpha SubType=8 BuildTable=0
      ===== EM models for the G4Region  DefaultRegionForTheWorld ======
   ICRU49NucStopping : Emin=    0 eV  Emax=    1 MeV

msc:  for anti_proton  SubType= 10
      RangeFactor= 0.2, stepLimType: 0, latDisp: 1
      ===== EM models for the G4Region  DefaultRegionForTheWorld ======
        WentzelVIUni : Emin=    0 eV  Emax=  500 MeV Nbins=140 100 eV  - 500 MeV

hIoni:  for anti_proton  SubType=2
      dE/dx and range tables from 100 eV  to 500 MeV in 140 bins
      Lambda tables from threshold to 500 MeV, 20 bins/decade, spline: 1
      StepFunction=(0.1, 0.02 mm), integ: 1, fluct: 1, linLossLim= 0.01
      ===== EM models for the G4Region  DefaultRegionForTheWorld ======
            ICRU73QO : Emin=    0 eV  Emax=    2 MeV  deltaVI
          BetheBloch : Emin=    2 MeV Emax=  500 MeV  deltaVI

hBrems:  for anti_proton  SubType=3
      dE/dx and range tables from 100 eV  to 500 MeV in 140 bins
      Lambda tables from threshold to 500 MeV, 20 bins/decade, spline: 1
      ===== EM models for the G4Region  DefaultRegionForTheWorld ======
               hBrem : Emin=    0 eV  Emax=  500 MeV

hPairProd:  for anti_proton  SubType=4
      dE/dx and range tables from 100 eV  to 500 MeV in 140 bins
      Lambda tables from threshold to 500 MeV, 20 bins/decade, spline: 1
      ===== EM models for the G4Region  DefaultRegionForTheWorld ======
           hPairProd : Emin=    0 eV  Emax=  500 MeV

CoulombScat:  for anti_proton, integral:1  SubType=1 BuildTable=1
      Lambda table from threshold  to 500 MeV, 21 bins/decade, spline: 1
      ThetaMin(p) < Theta(degree) < 180; pLimit(GeV^1)= 0.139531
      ===== EM models for the G4Region  DefaultRegionForTheWorld ======
  eCoulombScattering : Emin=    0 eV  Emax=  500 MeV

msc:  for kaon+  SubType= 10
      RangeFactor= 0.2, stepLimType: 0, latDisp: 1
      ===== EM models for the G4Region  DefaultRegionForTheWorld ======
        WentzelVIUni : Emin=    0 eV  Emax=  500 MeV Nbins=140 100 eV  - 500 MeV

hIoni:  for kaon+  SubType=2
      dE/dx and range tables from 100 eV  to 500 MeV in 140 bins
      Lambda tables from threshold to 500 MeV, 20 bins/decade, spline: 1
      StepFunction=(0.1, 0.02 mm), integ: 1, fluct: 1, linLossLim= 0.01
      ===== EM models for the G4Region  DefaultRegionForTheWorld ======
               Bragg : Emin=    0 eV  Emax=1.05231 MeV  deltaVI
          BetheBloch : Emin=1.05231 MeV Emax=  500 MeV  deltaVI

hBrems:  for kaon+  SubType=3
      dE/dx and range tables from 100 eV  to 500 MeV in 140 bins
      Lambda tables from threshold to 500 MeV, 20 bins/decade, spline: 1
      ===== EM models for the G4Region  DefaultRegionForTheWorld ======
               hBrem : Emin=    0 eV  Emax=  500 MeV

hPairProd:  for kaon+  SubType=4
      dE/dx and range tables from 100 eV  to 500 MeV in 140 bins
      Lambda tables from threshold to 500 MeV, 20 bins/decade, spline: 1
      ===== EM models for the G4Region  DefaultRegionForTheWorld ======
           hPairProd : Emin=    0 eV  Emax=  500 MeV

CoulombScat:  for kaon+, integral:1  SubType=1 BuildTable=1
      Lambda table from threshold  to 500 MeV, 21 bins/decade, spline: 1
      ThetaMin(p) < Theta(degree) < 180; pLimit(GeV^1)= 0.139531
      ===== EM models for the G4Region  DefaultRegionForTheWorld ======
  eCoulombScattering : Emin=    0 eV  Emax=  500 MeV

msc:  for kaon-  SubType= 10
      RangeFactor= 0.2, stepLimType: 0, latDisp: 1
      ===== EM models for the G4Region  DefaultRegionForTheWorld ======
        WentzelVIUni : Emin=    0 eV  Emax=  500 MeV Nbins=140 100 eV  - 500 MeV

hIoni:  for kaon-  SubType=2
      dE/dx and range tables from 100 eV  to 500 MeV in 140 bins
      Lambda tables from threshold to 500 MeV, 20 bins/decade, spline: 1
      StepFunction=(0.1, 0.02 mm), integ: 1, fluct: 1, linLossLim= 0.01
      ===== EM models for the G4Region  DefaultRegionForTheWorld ======
            ICRU73QO : Emin=    0 eV  Emax=1.05231 MeV  deltaVI
          BetheBloch : Emin=1.05231 MeV Emax=  500 MeV  deltaVI

hBrems:  for kaon-  SubType=3
      dE/dx and range tables from 100 eV  to 500 MeV in 140 bins
      Lambda tables from threshold to 500 MeV, 20 bins/decade, spline: 1
      ===== EM models for the G4Region  DefaultRegionForTheWorld ======
               hBrem : Emin=    0 eV  Emax=  500 MeV

hPairProd:  for kaon-  SubType=4
      dE/dx and range tables from 100 eV  to 500 MeV in 140 bins
      Lambda tables from threshold to 500 MeV, 20 bins/decade, spline: 1
      ===== EM models for the G4Region  DefaultRegionForTheWorld ======
           hPairProd : Emin=    0 eV  Emax=  500 MeV

CoulombScat:  for kaon-, integral:1  SubType=1 BuildTable=1
      Used Lambda table of kaon+
      ThetaMin(p) < Theta(degree) < 180; pLimit(GeV^1)= 0.139531
      ===== EM models for the G4Region  DefaultRegionForTheWorld ======
  eCoulombScattering : Emin=    0 eV  Emax=  500 MeV

msc:  for mu+  SubType= 10
      RangeFactor= 0.2, stepLimType: 0, latDisp: 1, polarAngLim(deg)= 180
      ===== EM models for the G4Region  DefaultRegionForTheWorld ======
        WentzelVIUni : Emin=    0 eV  Emax=  500 MeV Nbins=140 100 eV  - 500 MeV

muIoni:  for mu+  SubType=2
      dE/dx and range tables from 100 eV  to 500 MeV in 140 bins
      Lambda tables from threshold to 500 MeV, 20 bins/decade, spline: 1
      StepFunction=(0.1, 0.02 mm), integ: 1, fluct: 1, linLossLim= 0.01
      ===== EM models for the G4Region  DefaultRegionForTheWorld ======
               Bragg : Emin=    0 eV  Emax=  200 keV  deltaVI
          BetheBloch : Emin=  200 keV Emax=  500 MeV  deltaVI

muBrems:  for mu+  SubType=3
      dE/dx and range tables from 100 eV  to 500 MeV in 140 bins
      Lambda tables from threshold to 500 MeV, 20 bins/decade, spline: 1
      ===== EM models for the G4Region  DefaultRegionForTheWorld ======
              MuBrem : Emin=    0 eV  Emax=  500 MeV

muPairProd:  for mu+  SubType=4
      dE/dx and range tables from 100 eV  to 500 MeV in 140 bins
      Lambda tables from threshold to 500 MeV, 20 bins/decade, spline: 1
      ===== EM models for the G4Region  DefaultRegionForTheWorld ======
          muPairProd : Emin=    0 eV  Emax=  500 MeV

CoulombScat:  for mu+, integral:1  SubType=1 BuildTable=1
      Lambda table from threshold  to 500 MeV, 21 bins/decade, spline: 1
      ThetaMin(p) < Theta(degree) < 180; pLimit(GeV^1)= 0.139531
      ===== EM models for the G4Region  DefaultRegionForTheWorld ======
  eCoulombScattering : Emin=    0 eV  Emax=  500 MeV

msc:  for mu-  SubType= 10
      RangeFactor= 0.2, stepLimType: 0, latDisp: 1, polarAngLim(deg)= 180
      ===== EM models for the G4Region  DefaultRegionForTheWorld ======
        WentzelVIUni : Emin=    0 eV  Emax=  500 MeV Nbins=140 100 eV  - 500 MeV

muIoni:  for mu-  SubType=2
      dE/dx and range tables from 100 eV  to 500 MeV in 140 bins
      Lambda tables from threshold to 500 MeV, 20 bins/decade, spline: 1
      StepFunction=(0.1, 0.02 mm), integ: 1, fluct: 1, linLossLim= 0.01
      ===== EM models for the G4Region  DefaultRegionForTheWorld ======
            ICRU73QO : Emin=    0 eV  Emax=  200 keV  deltaVI
          BetheBloch : Emin=  200 keV Emax=  500 MeV  deltaVI

muBrems:  for mu-  SubType=3
      dE/dx and range tables from 100 eV  to 500 MeV in 140 bins
      Lambda tables from threshold to 500 MeV, 20 bins/decade, spline: 1
      ===== EM models for the G4Region  DefaultRegionForTheWorld ======
              MuBrem : Emin=    0 eV  Emax=  500 MeV

muPairProd:  for mu-  SubType=4
      dE/dx and range tables from 100 eV  to 500 MeV in 140 bins
      Lambda tables from threshold to 500 MeV, 20 bins/decade, spline: 1
      ===== EM models for the G4Region  DefaultRegionForTheWorld ======
          muPairProd : Emin=    0 eV  Emax=  500 MeV

CoulombScat:  for mu-, integral:1  SubType=1 BuildTable=1
      Used Lambda table of mu+
      ThetaMin(p) < Theta(degree) < 180; pLimit(GeV^1)= 0.139531
      ===== EM models for the G4Region  DefaultRegionForTheWorld ======
  eCoulombScattering : Emin=    0 eV  Emax=  500 MeV
@@@ G4ParticleHPInelastic instantiated for particle neutron data directory variable is G4NEUTRONHPDATA pointing to /home/pia/G4Data/G4NDL4.5/Inelastic
NeutronHP: /Capture file for Z = 6, A = 12 is not found and NeutronHP will use /home/pia/G4Data/G4NDL4.5/Capture/CrossSection/6_nat_Carbon
NeutronHP: /Elastic file for Z = 6, A = 12 is not found and NeutronHP will use /home/pia/G4Data/G4NDL4.5/Elastic/CrossSection/6_nat_Carbon
NeutronHP: /Inelastic file for Z = 6, A = 12 is not found and NeutronHP will use /home/pia/G4Data/G4NDL4.5/Inelastic/CrossSection/6_nat_Carbon
NeutronHP: /Capture file for Z = 6, A = 13 is not found and NeutronHP will use /home/pia/G4Data/G4NDL4.5/Capture/CrossSection/6_nat_Carbon
NeutronHP: /Elastic file for Z = 6, A = 13 is not found and NeutronHP will use /home/pia/G4Data/G4NDL4.5/Elastic/CrossSection/6_nat_Carbon
NeutronHP: /Inelastic file for Z = 6, A = 13 is not found and NeutronHP will use /home/pia/G4Data/G4NDL4.5/Inelastic/CrossSection/6_nat_Carbon
NeutronHP: /Capture file for Z = 8, A = 18 is not found and NeutronHP will use /home/pia/G4Data/G4NDL4.5/Capture/CrossSection/8_17_Oxygen
NeutronHP: /Elastic file for Z = 8, A = 18 is not found and NeutronHP will use /home/pia/G4Data/G4NDL4.5/Elastic/CrossSection/8_17_Oxygen
NeutronHP: /Inelastic file for Z = 8, A = 18 is not found and NeutronHP will use /home/pia/G4Data/G4NDL4.5/Inelastic/CrossSection/8_17_Oxygen
NeutronHP: /Capture file for Z = 6, A = 12 is not found and NeutronHP will use /home/pia/G4Data/G4NDL4.5/Capture/CrossSection/6_nat_Carbon
NeutronHP: /Capture file for Z = 6, A = 13 is not found and NeutronHP will use /home/pia/G4Data/G4NDL4.5/Capture/CrossSection/6_nat_Carbon
NeutronHP: /Capture file for Z = 8, A = 18 is not found and NeutronHP will use /home/pia/G4Data/G4NDL4.5/Capture/CrossSection/8_17_Oxygen

msc:  for pi+  SubType= 10
      RangeFactor= 0.2, stepLimType: 0, latDisp: 1
      ===== EM models for the G4Region  DefaultRegionForTheWorld ======
        WentzelVIUni : Emin=    0 eV  Emax=  500 MeV Nbins=140 100 eV  - 500 MeV

hIoni:  for pi+  SubType=2
      dE/dx and range tables from 100 eV  to 500 MeV in 140 bins
      Lambda tables from threshold to 500 MeV, 20 bins/decade, spline: 1
      StepFunction=(0.1, 0.02 mm), integ: 1, fluct: 1, linLossLim= 0.01
      ===== EM models for the G4Region  DefaultRegionForTheWorld ======
               Bragg : Emin=    0 eV  Emax=297.505 keV  deltaVI
          BetheBloch : Emin=297.505 keV Emax=  500 MeV  deltaVI

hBrems:  for pi+  SubType=3
      dE/dx and range tables from 100 eV  to 500 MeV in 140 bins
      Lambda tables from threshold to 500 MeV, 20 bins/decade, spline: 1
      ===== EM models for the G4Region  DefaultRegionForTheWorld ======
               hBrem : Emin=    0 eV  Emax=  500 MeV

hPairProd:  for pi+  SubType=4
      dE/dx and range tables from 100 eV  to 500 MeV in 140 bins
      Lambda tables from threshold to 500 MeV, 20 bins/decade, spline: 1
      ===== EM models for the G4Region  DefaultRegionForTheWorld ======
           hPairProd : Emin=    0 eV  Emax=  500 MeV

CoulombScat:  for pi+, integral:1  SubType=1 BuildTable=1
      Lambda table from threshold  to 500 MeV, 21 bins/decade, spline: 1
      ThetaMin(p) < Theta(degree) < 180; pLimit(GeV^1)= 0.139531
      ===== EM models for the G4Region  DefaultRegionForTheWorld ======
  eCoulombScattering : Emin=    0 eV  Emax=  500 MeV

msc:  for pi-  SubType= 10
      RangeFactor= 0.2, stepLimType: 0, latDisp: 1
      ===== EM models for the G4Region  DefaultRegionForTheWorld ======
        WentzelVIUni : Emin=    0 eV  Emax=  500 MeV Nbins=140 100 eV  - 500 MeV

hIoni:  for pi-  SubType=2
      dE/dx and range tables from 100 eV  to 500 MeV in 140 bins
      Lambda tables from threshold to 500 MeV, 20 bins/decade, spline: 1
      StepFunction=(0.1, 0.02 mm), integ: 1, fluct: 1, linLossLim= 0.01
      ===== EM models for the G4Region  DefaultRegionForTheWorld ======
            ICRU73QO : Emin=    0 eV  Emax=297.505 keV  deltaVI
          BetheBloch : Emin=297.505 keV Emax=  500 MeV  deltaVI

hBrems:  for pi-  SubType=3
      dE/dx and range tables from 100 eV  to 500 MeV in 140 bins
      Lambda tables from threshold to 500 MeV, 20 bins/decade, spline: 1
      ===== EM models for the G4Region  DefaultRegionForTheWorld ======
               hBrem : Emin=    0 eV  Emax=  500 MeV

hPairProd:  for pi-  SubType=4
      dE/dx and range tables from 100 eV  to 500 MeV in 140 bins
      Lambda tables from threshold to 500 MeV, 20 bins/decade, spline: 1
      ===== EM models for the G4Region  DefaultRegionForTheWorld ======
           hPairProd : Emin=    0 eV  Emax=  500 MeV

CoulombScat:  for pi-, integral:1  SubType=1 BuildTable=1
      Used Lambda table of pi+
      ThetaMin(p) < Theta(degree) < 180; pLimit(GeV^1)= 0.139531
      ===== EM models for the G4Region  DefaultRegionForTheWorld ======
  eCoulombScattering : Emin=    0 eV  Emax=  500 MeV

====================================================================
                  HADRONIC PROCESSES SUMMARY (verbose level 1)

---------------------------------------------------
                           Hadronic Processes for anti_He3

  Process: anti_He3Inelastic
        Model:                      FTFP: 0 eV /n ---> 100 TeV/n
     Cr_sctns:              AntiAGlauber: 0 eV  ---> 100 TeV
     Cr_sctns:          GheishaInelastic: 0 eV  ---> 100 TeV

---------------------------------------------------
                           Hadronic Processes for anti_alpha

  Process: anti_alphaInelastic
        Model:                      FTFP: 0 eV /n ---> 100 TeV/n
     Cr_sctns:              AntiAGlauber: 0 eV  ---> 100 TeV
     Cr_sctns:          GheishaInelastic: 0 eV  ---> 100 TeV

---------------------------------------------------
                           Hadronic Processes for anti_deuteron

  Process: anti_deuteronInelastic
        Model:                      FTFP: 0 eV /n ---> 100 TeV/n
     Cr_sctns:              AntiAGlauber: 0 eV  ---> 100 TeV
     Cr_sctns:          GheishaInelastic: 0 eV  ---> 100 TeV

---------------------------------------------------
                           Hadronic Processes for anti_neutron

  Process: anti_neutronInelastic
        Model:                      FTFP: 0 eV  ---> 100 TeV
     Cr_sctns:              AntiAGlauber: 0 eV  ---> 100 TeV
     Cr_sctns:          GheishaInelastic: 0 eV  ---> 100 TeV

---------------------------------------------------
                           Hadronic Processes for anti_proton

  Process: anti_protonInelastic
        Model:                      FTFP: 0 eV  ---> 100 TeV
     Cr_sctns:              AntiAGlauber: 0 eV  ---> 100 TeV
     Cr_sctns:          GheishaInelastic: 0 eV  ---> 100 TeV

---------------------------------------------------
                           Hadronic Processes for anti_triton

  Process: anti_tritonInelastic
        Model:                      FTFP: 0 eV /n ---> 100 TeV/n
     Cr_sctns:              AntiAGlauber: 0 eV  ---> 100 TeV
     Cr_sctns:          GheishaInelastic: 0 eV  ---> 100 TeV

---------------------------------------------------
                           Hadronic Processes for kaon+

  Process: kaon+Inelastic
        Model:                      QGSP: 12 GeV ---> 100 TeV
        Model:                      FTFP: 4 GeV ---> 25 GeV
        Model:            BertiniCascade: 0 eV  ---> 5 GeV
     Cr_sctns:            Glauber-Gribov: 0 eV  ---> 100 TeV
     Cr_sctns:  ChipsKaonPlusInelasticXS: 0 eV  ---> 100 TeV
     Cr_sctns:          GheishaInelastic: 0 eV  ---> 100 TeV

---------------------------------------------------
                           Hadronic Processes for kaon-

  Process: kaon-Inelastic
        Model:                      QGSP: 12 GeV ---> 100 TeV
        Model:                      FTFP: 4 GeV ---> 25 GeV
        Model:            BertiniCascade: 0 eV  ---> 5 GeV
     Cr_sctns:            Glauber-Gribov: 0 eV  ---> 100 TeV
     Cr_sctns: ChipsKaonMinusInelasticXS: 0 eV  ---> 100 TeV
     Cr_sctns:          GheishaInelastic: 0 eV  ---> 100 TeV

---------------------------------------------------
                           Hadronic Processes for lambda

  Process: lambdaInelastic
        Model:            BertiniCascade: 0 eV  ---> 6 GeV
        Model:                      FTFP: 2 GeV ---> 100 TeV
     Cr_sctns:   ChipsHyperonInelasticXS: 0 eV  ---> 100 TeV
     Cr_sctns:          GheishaInelastic: 0 eV  ---> 100 TeV

---------------------------------------------------
                           Hadronic Processes for neutron

  Process: neutronInelastic
        Model:                      QGSP: 12 GeV ---> 100 TeV
        Model:                      FTFP: 9.5 GeV ---> 25 GeV
        Model:            Binary Cascade: 19.9 MeV ---> 9.9 GeV
        Model:        NeutronHPInelastic: 0 eV  ---> 20 MeV
     Cr_sctns:      NeutronHPInelasticXS: 0 eV  ---> 20 MeV
     Cr_sctns:       Barashenkov-Glauber: 0 eV  ---> 100 TeV

  Process: nCapture
        Model:          NeutronHPCapture: 0 eV  ---> 20 MeV
        Model:               nRadCapture: 19.9 MeV ---> 100 TeV
     Cr_sctns:        NeutronHPCaptureXS: 0 eV  ---> 20 MeV
     Cr_sctns:        G4NeutronCaptureXS: 0 eV  ---> 100 TeV

  Process: nFission
        Model:          NeutronHPFission: 0 eV  ---> 20 MeV
        Model:                G4LFission: 19.9 MeV ---> 100 TeV
     Cr_sctns:        NeutronHPFissionXS: 0 eV  ---> 20 MeV
     Cr_sctns:          GheishaFissionXS: 0 eV  ---> 100 TeV

---------------------------------------------------
                           Hadronic Processes for pi+

  Process: pi+Inelastic
        Model:                      QGSP: 12 GeV ---> 100 TeV
        Model:                      FTFP: 4 GeV ---> 25 GeV
        Model:            BertiniCascade: 0 eV  ---> 5 GeV
     Cr_sctns: Barashenkov-Glauber-Gribov: 0 eV  ---> 100 TeV

---------------------------------------------------
                           Hadronic Processes for pi-

  Process: pi-Inelastic
        Model:                      QGSP: 12 GeV ---> 100 TeV
        Model:                      FTFP: 4 GeV ---> 25 GeV
        Model:            BertiniCascade: 0 eV  ---> 5 GeV
     Cr_sctns: Barashenkov-Glauber-Gribov: 0 eV  ---> 100 TeV

---------------------------------------------------
                           Hadronic Processes for proton

  Process: protonInelastic
        Model:                      QGSP: 12 GeV ---> 100 TeV
        Model:                      FTFP: 9.5 GeV ---> 25 GeV
        Model:            Binary Cascade: 0 eV  ---> 9.9 GeV
     Cr_sctns:       Barashenkov-Glauber: 0 eV  ---> 100 TeV

================================================================
G4WT4 > Begin processing for Run: 0, History: 0
TsSequenceManager::UpdateForSpecificParameterChange called for parameterName: tf/leafxminus1/value
TsSequenceManager::UpdateForSpecificParameterChange called for parameterName: tf/leafxminus10/value
TsSequenceManager::UpdateForSpecificParameterChange called for parameterName: tf/leafxminus11/value
TsSequenceManager::UpdateForSpecificParameterChange called for parameterName: tf/leafxminus12/value
TsSequenceManager::UpdateForSpecificParameterChange called for parameterName: tf/leafxminus13/value
TsSequenceManager::UpdateForSpecificParameterChange called for parameterName: tf/leafxminus14/value
TsSequenceManager::UpdateForSpecificParameterChange called for parameterName: tf/leafxminus15/value
TsSequenceManager::UpdateForSpecificParameterChange called for parameterName: tf/leafxminus16/value
TsSequenceManager::UpdateForSpecificParameterChange called for parameterName: tf/leafxminus17/value
TsSequenceManager::UpdateForSpecificParameterChange called for parameterName: tf/leafxminus18/value
TsSequenceManager::UpdateForSpecificParameterChange called for parameterName: tf/leafxminus19/value
TsSequenceManager::UpdateForSpecificParameterChange called for parameterName: tf/leafxminus2/value
TsSequenceManager::UpdateForSpecificParameterChange called for parameterName: tf/leafxminus3/value
TsSequenceManager::UpdateForSpecificParameterChange called for parameterName: tf/leafxminus4/value
TsSequenceManager::UpdateForSpecificParameterChange called for parameterName: tf/leafxminus5/value
TsSequenceManager::UpdateForSpecificParameterChange called for parameterName: tf/leafxminus6/value
TsSequenceManager::UpdateForSpecificParameterChange called for parameterName: tf/leafxminus7/value
TsSequenceManager::UpdateForSpecificParameterChange called for parameterName: tf/leafxminus8/value
TsSequenceManager::UpdateForSpecificParameterChange called for parameterName: tf/leafxminus9/value
TsSequenceManager::UpdateForSpecificParameterChange called for parameterName: tf/leafxplus1/value
TsSequenceManager::UpdateForSpecificParameterChange called for parameterName: tf/leafxplus10/value
TsSequenceManager::UpdateForSpecificParameterChange called for parameterName: tf/leafxplus11/value
TsSequenceManager::UpdateForSpecificParameterChange called for parameterName: tf/leafxplus12/value
TsSequenceManager::UpdateForSpecificParameterChange called for parameterName: tf/leafxplus13/value
TsSequenceManager::UpdateForSpecificParameterChange called for parameterName: tf/leafxplus14/value
TsSequenceManager::UpdateForSpecificParameterChange called for parameterName: tf/leafxplus15/value
TsSequenceManager::UpdateForSpecificParameterChange called for parameterName: tf/leafxplus16/value
TsSequenceManager::UpdateForSpecificParameterChange called for parameterName: tf/leafxplus17/value
TsSequenceManager::UpdateForSpecificParameterChange called for parameterName: tf/leafxplus18/value
TsSequenceManager::UpdateForSpecificParameterChange called for parameterName: tf/leafxplus19/value
TsSequenceManager::UpdateForSpecificParameterChange called for parameterName: tf/leafxplus2/value
TsSequenceManager::UpdateForSpecificParameterChange called for parameterName: tf/leafxplus3/value
TsSequenceManager::UpdateForSpecificParameterChange called for parameterName: tf/leafxplus4/value
TsSequenceManager::UpdateForSpecificParameterChange called for parameterName: tf/leafxplus5/value
TsSequenceManager::UpdateForSpecificParameterChange called for parameterName: tf/leafxplus6/value
TsSequenceManager::UpdateForSpecificParameterChange called for parameterName: tf/leafxplus7/value
TsSequenceManager::UpdateForSpecificParameterChange called for parameterName: tf/leafxplus8/value
TsSequenceManager::UpdateForSpecificParameterChange called for parameterName: tf/leafxplus9/value
G4WT2 > Begin processing for Run: 1, History: 0
TsSequenceManager::UpdateForSpecificParameterChange called for parameterName: tf/beam/current/value
TsSequenceManager::UpdateForSpecificParameterChange called for parameterName: tf/leafxminus1/value
TsSequenceManager::UpdateForSpecificParameterChange called for parameterName: tf/leafxminus10/value
TsSequenceManager::UpdateForSpecificParameterChange called for parameterName: tf/leafxminus11/value
TsSequenceManager::UpdateForSpecificParameterChange called for parameterName: tf/leafxminus12/value
TsSequenceManager::UpdateForSpecificParameterChange called for parameterName: tf/leafxminus13/value
TsSequenceManager::UpdateForSpecificParameterChange called for parameterName: tf/leafxminus14/value
TsSequenceManager::UpdateForSpecificParameterChange called for parameterName: tf/leafxminus15/value
TsSequenceManager::UpdateForSpecificParameterChange called for parameterName: tf/leafxminus16/value
TsSequenceManager::UpdateForSpecificParameterChange called for parameterName: tf/leafxminus17/value
TsSequenceManager::UpdateForSpecificParameterChange called for parameterName: tf/leafxminus18/value
TsSequenceManager::UpdateForSpecificParameterChange called for parameterName: tf/leafxminus19/value
TsSequenceManager::UpdateForSpecificParameterChange called for parameterName: tf/leafxminus2/value
TsSequenceManager::UpdateForSpecificParameterChange called for parameterName: tf/leafxminus3/value
TsSequenceManager::UpdateForSpecificParameterChange called for parameterName: tf/leafxminus4/value
TsSequenceManager::UpdateForSpecificParameterChange called for parameterName: tf/leafxminus5/value
TsSequenceManager::UpdateForSpecificParameterChange called for parameterName: tf/leafxminus6/value
TsSequenceManager::UpdateForSpecificParameterChange called for parameterName: tf/leafxminus7/value
TsSequenceManager::UpdateForSpecificParameterChange called for parameterName: tf/leafxminus8/value
TsSequenceManager::UpdateForSpecificParameterChange called for parameterName: tf/leafxminus9/value
TsSequenceManager::UpdateForSpecificParameterChange called for parameterName: tf/leafxplus1/value
TsSequenceManager::UpdateForSpecificParameterChange called for parameterName: tf/leafxplus10/value
TsSequenceManager::UpdateForSpecificParameterChange called for parameterName: tf/leafxplus11/value
TsSequenceManager::UpdateForSpecificParameterChange called for parameterName: tf/leafxplus12/value
TsSequenceManager::UpdateForSpecificParameterChange called for parameterName: tf/leafxplus13/value
TsSequenceManager::UpdateForSpecificParameterChange called for parameterName: tf/leafxplus14/value
TsSequenceManager::UpdateForSpecificParameterChange called for parameterName: tf/leafxplus15/value
TsSequenceManager::UpdateForSpecificParameterChange called for parameterName: tf/leafxplus16/value
TsSequenceManager::UpdateForSpecificParameterChange called for parameterName: tf/leafxplus17/value
TsSequenceManager::UpdateForSpecificParameterChange called for parameterName: tf/leafxplus18/value
TsSequenceManager::UpdateForSpecificParameterChange called for parameterName: tf/leafxplus19/value
TsSequenceManager::UpdateForSpecificParameterChange called for parameterName: tf/leafxplus2/value
TsSequenceManager::UpdateForSpecificParameterChange called for parameterName: tf/leafxplus3/value
TsSequenceManager::UpdateForSpecificParameterChange called for parameterName: tf/leafxplus4/value
TsSequenceManager::UpdateForSpecificParameterChange called for parameterName: tf/leafxplus5/value
TsSequenceManager::UpdateForSpecificParameterChange called for parameterName: tf/leafxplus6/value
TsSequenceManager::UpdateForSpecificParameterChange called for parameterName: tf/leafxplus7/value
TsSequenceManager::UpdateForSpecificParameterChange called for parameterName: tf/leafxplus8/value
TsSequenceManager::UpdateForSpecificParameterChange called for parameterName: tf/leafxplus9/value
G4WT4 > Begin processing for Run: 2, History: 0
TsSequenceManager::UpdateForSpecificParameterChange called for parameterName: tf/beam/current/value
TsSequenceManager::UpdateForSpecificParameterChange called for parameterName: tf/leafxminus1/value
TsSequenceManager::UpdateForSpecificParameterChange called for parameterName: tf/leafxminus10/value
TsSequenceManager::UpdateForSpecificParameterChange called for parameterName: tf/leafxminus11/value
TsSequenceManager::UpdateForSpecificParameterChange called for parameterName: tf/leafxminus12/value
TsSequenceManager::UpdateForSpecificParameterChange called for parameterName: tf/leafxminus13/value
TsSequenceManager::UpdateForSpecificParameterChange called for parameterName: tf/leafxminus14/value
TsSequenceManager::UpdateForSpecificParameterChange called for parameterName: tf/leafxminus15/value
TsSequenceManager::UpdateForSpecificParameterChange called for parameterName: tf/leafxminus16/value
TsSequenceManager::UpdateForSpecificParameterChange called for parameterName: tf/leafxminus17/value
TsSequenceManager::UpdateForSpecificParameterChange called for parameterName: tf/leafxminus18/value
TsSequenceManager::UpdateForSpecificParameterChange called for parameterName: tf/leafxminus19/value
TsSequenceManager::UpdateForSpecificParameterChange called for parameterName: tf/leafxminus2/value
TsSequenceManager::UpdateForSpecificParameterChange called for parameterName: tf/leafxminus3/value
TsSequenceManager::UpdateForSpecificParameterChange called for parameterName: tf/leafxminus4/value
TsSequenceManager::UpdateForSpecificParameterChange called for parameterName: tf/leafxminus5/value
TsSequenceManager::UpdateForSpecificParameterChange called for parameterName: tf/leafxminus6/value
TsSequenceManager::UpdateForSpecificParameterChange called for parameterName: tf/leafxminus7/value
TsSequenceManager::UpdateForSpecificParameterChange called for parameterName: tf/leafxminus8/value
TsSequenceManager::UpdateForSpecificParameterChange called for parameterName: tf/leafxminus9/value
TsSequenceManager::UpdateForSpecificParameterChange called for parameterName: tf/leafxplus1/value
TsSequenceManager::UpdateForSpecificParameterChange called for parameterName: tf/leafxplus10/value
TsSequenceManager::UpdateForSpecificParameterChange called for parameterName: tf/leafxplus11/value
TsSequenceManager::UpdateForSpecificParameterChange called for parameterName: tf/leafxplus12/value
TsSequenceManager::UpdateForSpecificParameterChange called for parameterName: tf/leafxplus13/value
TsSequenceManager::UpdateForSpecificParameterChange called for parameterName: tf/leafxplus14/value
TsSequenceManager::UpdateForSpecificParameterChange called for parameterName: tf/leafxplus15/value
TsSequenceManager::UpdateForSpecificParameterChange called for parameterName: tf/leafxplus16/value
TsSequenceManager::UpdateForSpecificParameterChange called for parameterName: tf/leafxplus17/value
TsSequenceManager::UpdateForSpecificParameterChange called for parameterName: tf/leafxplus18/value
TsSequenceManager::UpdateForSpecificParameterChange called for parameterName: tf/leafxplus19/value
TsSequenceManager::UpdateForSpecificParameterChange called for parameterName: tf/leafxplus2/value
TsSequenceManager::UpdateForSpecificParameterChange called for parameterName: tf/leafxplus3/value
TsSequenceManager::UpdateForSpecificParameterChange called for parameterName: tf/leafxplus4/value
TsSequenceManager::UpdateForSpecificParameterChange called for parameterName: tf/leafxplus5/value
TsSequenceManager::UpdateForSpecificParameterChange called for parameterName: tf/leafxplus6/value
TsSequenceManager::UpdateForSpecificParameterChange called for parameterName: tf/leafxplus7/value
TsSequenceManager::UpdateForSpecificParameterChange called for parameterName: tf/leafxplus8/value
TsSequenceManager::UpdateForSpecificParameterChange called for parameterName: tf/leafxplus9/value
G4WT7 > Begin processing for Run: 3, History: 0
TsSequenceManager::UpdateForSpecificParameterChange called for parameterName: tf/beam/current/value
TsSequenceManager::UpdateForSpecificParameterChange called for parameterName: tf/leafxminus1/value
TsSequenceManager::UpdateForSpecificParameterChange called for parameterName: tf/leafxminus10/value
TsSequenceManager::UpdateForSpecificParameterChange called for parameterName: tf/leafxminus11/value
TsSequenceManager::UpdateForSpecificParameterChange called for parameterName: tf/leafxminus12/value
TsSequenceManager::UpdateForSpecificParameterChange called for parameterName: tf/leafxminus13/value
TsSequenceManager::UpdateForSpecificParameterChange called for parameterName: tf/leafxminus14/value
TsSequenceManager::UpdateForSpecificParameterChange called for parameterName: tf/leafxminus15/value
TsSequenceManager::UpdateForSpecificParameterChange called for parameterName: tf/leafxminus16/value
TsSequenceManager::UpdateForSpecificParameterChange called for parameterName: tf/leafxminus17/value
TsSequenceManager::UpdateForSpecificParameterChange called for parameterName: tf/leafxminus18/value
TsSequenceManager::UpdateForSpecificParameterChange called for parameterName: tf/leafxminus19/value
TsSequenceManager::UpdateForSpecificParameterChange called for parameterName: tf/leafxminus2/value
TsSequenceManager::UpdateForSpecificParameterChange called for parameterName: tf/leafxminus3/value
TsSequenceManager::UpdateForSpecificParameterChange called for parameterName: tf/leafxminus4/value
TsSequenceManager::UpdateForSpecificParameterChange called for parameterName: tf/leafxminus5/value
TsSequenceManager::UpdateForSpecificParameterChange called for parameterName: tf/leafxminus6/value
TsSequenceManager::UpdateForSpecificParameterChange called for parameterName: tf/leafxminus7/value
TsSequenceManager::UpdateForSpecificParameterChange called for parameterName: tf/leafxminus8/value
TsSequenceManager::UpdateForSpecificParameterChange called for parameterName: tf/leafxminus9/value
TsSequenceManager::UpdateForSpecificParameterChange called for parameterName: tf/leafxplus1/value
TsSequenceManager::UpdateForSpecificParameterChange called for parameterName: tf/leafxplus10/value
TsSequenceManager::UpdateForSpecificParameterChange called for parameterName: tf/leafxplus11/value
TsSequenceManager::UpdateForSpecificParameterChange called for parameterName: tf/leafxplus12/value
TsSequenceManager::UpdateForSpecificParameterChange called for parameterName: tf/leafxplus13/value
TsSequenceManager::UpdateForSpecificParameterChange called for parameterName: tf/leafxplus14/value
TsSequenceManager::UpdateForSpecificParameterChange called for parameterName: tf/leafxplus15/value
TsSequenceManager::UpdateForSpecificParameterChange called for parameterName: tf/leafxplus16/value
TsSequenceManager::UpdateForSpecificParameterChange called for parameterName: tf/leafxplus17/value
TsSequenceManager::UpdateForSpecificParameterChange called for parameterName: tf/leafxplus18/value
TsSequenceManager::UpdateForSpecificParameterChange called for parameterName: tf/leafxplus19/value
TsSequenceManager::UpdateForSpecificParameterChange called for parameterName: tf/leafxplus2/value
TsSequenceManager::UpdateForSpecificParameterChange called for parameterName: tf/leafxplus3/value
TsSequenceManager::UpdateForSpecificParameterChange called for parameterName: tf/leafxplus4/value
TsSequenceManager::UpdateForSpecificParameterChange called for parameterName: tf/leafxplus5/value
TsSequenceManager::UpdateForSpecificParameterChange called for parameterName: tf/leafxplus6/value
TsSequenceManager::UpdateForSpecificParameterChange called for parameterName: tf/leafxplus7/value
TsSequenceManager::UpdateForSpecificParameterChange called for parameterName: tf/leafxplus8/value
TsSequenceManager::UpdateForSpecificParameterChange called for parameterName: tf/leafxplus9/value
G4WT4 > Begin processing for Run: 4, History: 0
TsSequenceManager::UpdateForSpecificParameterChange called for parameterName: tf/beam/current/value
TsSequenceManager::UpdateForSpecificParameterChange called for parameterName: tf/leafxminus1/value
TsSequenceManager::UpdateForSpecificParameterChange called for parameterName: tf/leafxminus10/value
TsSequenceManager::UpdateForSpecificParameterChange called for parameterName: tf/leafxminus11/value
TsSequenceManager::UpdateForSpecificParameterChange called for parameterName: tf/leafxminus12/value
TsSequenceManager::UpdateForSpecificParameterChange called for parameterName: tf/leafxminus13/value
TsSequenceManager::UpdateForSpecificParameterChange called for parameterName: tf/leafxminus14/value
TsSequenceManager::UpdateForSpecificParameterChange called for parameterName: tf/leafxminus15/value
TsSequenceManager::UpdateForSpecificParameterChange called for parameterName: tf/leafxminus16/value
TsSequenceManager::UpdateForSpecificParameterChange called for parameterName: tf/leafxminus17/value
TsSequenceManager::UpdateForSpecificParameterChange called for parameterName: tf/leafxminus18/value
TsSequenceManager::UpdateForSpecificParameterChange called for parameterName: tf/leafxminus19/value
TsSequenceManager::UpdateForSpecificParameterChange called for parameterName: tf/leafxminus2/value
TsSequenceManager::UpdateForSpecificParameterChange called for parameterName: tf/leafxminus3/value
TsSequenceManager::UpdateForSpecificParameterChange called for parameterName: tf/leafxminus4/value
TsSequenceManager::UpdateForSpecificParameterChange called for parameterName: tf/leafxminus5/value
TsSequenceManager::UpdateForSpecificParameterChange called for parameterName: tf/leafxminus6/value
TsSequenceManager::UpdateForSpecificParameterChange called for parameterName: tf/leafxminus7/value
TsSequenceManager::UpdateForSpecificParameterChange called for parameterName: tf/leafxminus8/value
TsSequenceManager::UpdateForSpecificParameterChange called for parameterName: tf/leafxminus9/value
TsSequenceManager::UpdateForSpecificParameterChange called for parameterName: tf/leafxplus1/value
TsSequenceManager::UpdateForSpecificParameterChange called for parameterName: tf/leafxplus10/value
TsSequenceManager::UpdateForSpecificParameterChange called for parameterName: tf/leafxplus11/value
TsSequenceManager::UpdateForSpecificParameterChange called for parameterName: tf/leafxplus12/value
TsSequenceManager::UpdateForSpecificParameterChange called for parameterName: tf/leafxplus13/value
TsSequenceManager::UpdateForSpecificParameterChange called for parameterName: tf/leafxplus14/value
TsSequenceManager::UpdateForSpecificParameterChange called for parameterName: tf/leafxplus15/value
TsSequenceManager::UpdateForSpecificParameterChange called for parameterName: tf/leafxplus16/value
TsSequenceManager::UpdateForSpecificParameterChange called for parameterName: tf/leafxplus17/value
TsSequenceManager::UpdateForSpecificParameterChange called for parameterName: tf/leafxplus18/value
TsSequenceManager::UpdateForSpecificParameterChange called for parameterName: tf/leafxplus19/value
TsSequenceManager::UpdateForSpecificParameterChange called for parameterName: tf/leafxplus2/value
TsSequenceManager::UpdateForSpecificParameterChange called for parameterName: tf/leafxplus3/value
TsSequenceManager::UpdateForSpecificParameterChange called for parameterName: tf/leafxplus4/value
TsSequenceManager::UpdateForSpecificParameterChange called for parameterName: tf/leafxplus5/value
TsSequenceManager::UpdateForSpecificParameterChange called for parameterName: tf/leafxplus6/value
TsSequenceManager::UpdateForSpecificParameterChange called for parameterName: tf/leafxplus7/value
TsSequenceManager::UpdateForSpecificParameterChange called for parameterName: tf/leafxplus8/value
TsSequenceManager::UpdateForSpecificParameterChange called for parameterName: tf/leafxplus9/value
G4WT2 > Begin processing for Run: 5, History: 0
TsSequenceManager::UpdateForSpecificParameterChange called for parameterName: tf/leafxminus1/value
TsSequenceManager::UpdateForSpecificParameterChange called for parameterName: tf/leafxminus10/value
TsSequenceManager::UpdateForSpecificParameterChange called for parameterName: tf/leafxminus11/value
TsSequenceManager::UpdateForSpecificParameterChange called for parameterName: tf/leafxminus12/value
TsSequenceManager::UpdateForSpecificParameterChange called for parameterName: tf/leafxminus13/value
TsSequenceManager::UpdateForSpecificParameterChange called for parameterName: tf/leafxminus14/value
TsSequenceManager::UpdateForSpecificParameterChange called for parameterName: tf/leafxminus15/value
TsSequenceManager::UpdateForSpecificParameterChange called for parameterName: tf/leafxminus16/value
TsSequenceManager::UpdateForSpecificParameterChange called for parameterName: tf/leafxminus17/value
TsSequenceManager::UpdateForSpecificParameterChange called for parameterName: tf/leafxminus18/value
TsSequenceManager::UpdateForSpecificParameterChange called for parameterName: tf/leafxminus19/value
TsSequenceManager::UpdateForSpecificParameterChange called for parameterName: tf/leafxminus2/value
TsSequenceManager::UpdateForSpecificParameterChange called for parameterName: tf/leafxminus3/value
TsSequenceManager::UpdateForSpecificParameterChange called for parameterName: tf/leafxminus4/value
TsSequenceManager::UpdateForSpecificParameterChange called for parameterName: tf/leafxminus5/value
TsSequenceManager::UpdateForSpecificParameterChange called for parameterName: tf/leafxminus6/value
TsSequenceManager::UpdateForSpecificParameterChange called for parameterName: tf/leafxminus7/value
TsSequenceManager::UpdateForSpecificParameterChange called for parameterName: tf/leafxminus8/value
TsSequenceManager::UpdateForSpecificParameterChange called for parameterName: tf/leafxminus9/value
TsSequenceManager::UpdateForSpecificParameterChange called for parameterName: tf/leafxplus1/value
TsSequenceManager::UpdateForSpecificParameterChange called for parameterName: tf/leafxplus10/value
TsSequenceManager::UpdateForSpecificParameterChange called for parameterName: tf/leafxplus11/value
TsSequenceManager::UpdateForSpecificParameterChange called for parameterName: tf/leafxplus12/value
TsSequenceManager::UpdateForSpecificParameterChange called for parameterName: tf/leafxplus13/value
TsSequenceManager::UpdateForSpecificParameterChange called for parameterName: tf/leafxplus14/value
TsSequenceManager::UpdateForSpecificParameterChange called for parameterName: tf/leafxplus15/value
TsSequenceManager::UpdateForSpecificParameterChange called for parameterName: tf/leafxplus16/value
TsSequenceManager::UpdateForSpecificParameterChange called for parameterName: tf/leafxplus17/value
TsSequenceManager::UpdateForSpecificParameterChange called for parameterName: tf/leafxplus18/value
TsSequenceManager::UpdateForSpecificParameterChange called for parameterName: tf/leafxplus19/value
TsSequenceManager::UpdateForSpecificParameterChange called for parameterName: tf/leafxplus2/value
TsSequenceManager::UpdateForSpecificParameterChange called for parameterName: tf/leafxplus3/value
TsSequenceManager::UpdateForSpecificParameterChange called for parameterName: tf/leafxplus4/value
TsSequenceManager::UpdateForSpecificParameterChange called for parameterName: tf/leafxplus5/value
TsSequenceManager::UpdateForSpecificParameterChange called for parameterName: tf/leafxplus6/value
TsSequenceManager::UpdateForSpecificParameterChange called for parameterName: tf/leafxplus7/value
TsSequenceManager::UpdateForSpecificParameterChange called for parameterName: tf/leafxplus8/value
TsSequenceManager::UpdateForSpecificParameterChange called for parameterName: tf/leafxplus9/value
G4WT6 > Begin processing for Run: 6, History: 0
TsSequenceManager::UpdateForSpecificParameterChange called for parameterName: tf/beam/current/value
TsSequenceManager::UpdateForSpecificParameterChange called for parameterName: tf/leafxminus1/value
TsSequenceManager::UpdateForSpecificParameterChange called for parameterName: tf/leafxminus10/value
TsSequenceManager::UpdateForSpecificParameterChange called for parameterName: tf/leafxminus11/value
TsSequenceManager::UpdateForSpecificParameterChange called for parameterName: tf/leafxminus12/value
TsSequenceManager::UpdateForSpecificParameterChange called for parameterName: tf/leafxminus13/value
TsSequenceManager::UpdateForSpecificParameterChange called for parameterName: tf/leafxminus14/value
TsSequenceManager::UpdateForSpecificParameterChange called for parameterName: tf/leafxminus15/value
TsSequenceManager::UpdateForSpecificParameterChange called for parameterName: tf/leafxminus16/value
TsSequenceManager::UpdateForSpecificParameterChange called for parameterName: tf/leafxminus17/value
TsSequenceManager::UpdateForSpecificParameterChange called for parameterName: tf/leafxminus18/value
TsSequenceManager::UpdateForSpecificParameterChange called for parameterName: tf/leafxminus19/value
TsSequenceManager::UpdateForSpecificParameterChange called for parameterName: tf/leafxminus2/value
TsSequenceManager::UpdateForSpecificParameterChange called for parameterName: tf/leafxminus3/value
TsSequenceManager::UpdateForSpecificParameterChange called for parameterName: tf/leafxminus4/value
TsSequenceManager::UpdateForSpecificParameterChange called for parameterName: tf/leafxminus5/value
TsSequenceManager::UpdateForSpecificParameterChange called for parameterName: tf/leafxminus6/value
TsSequenceManager::UpdateForSpecificParameterChange called for parameterName: tf/leafxminus7/value
TsSequenceManager::UpdateForSpecificParameterChange called for parameterName: tf/leafxminus8/value
TsSequenceManager::UpdateForSpecificParameterChange called for parameterName: tf/leafxminus9/value
TsSequenceManager::UpdateForSpecificParameterChange called for parameterName: tf/leafxplus1/value
TsSequenceManager::UpdateForSpecificParameterChange called for parameterName: tf/leafxplus10/value
TsSequenceManager::UpdateForSpecificParameterChange called for parameterName: tf/leafxplus11/value
TsSequenceManager::UpdateForSpecificParameterChange called for parameterName: tf/leafxplus12/value
TsSequenceManager::UpdateForSpecificParameterChange called for parameterName: tf/leafxplus13/value
TsSequenceManager::UpdateForSpecificParameterChange called for parameterName: tf/leafxplus14/value
TsSequenceManager::UpdateForSpecificParameterChange called for parameterName: tf/leafxplus15/value
TsSequenceManager::UpdateForSpecificParameterChange called for parameterName: tf/leafxplus16/value
TsSequenceManager::UpdateForSpecificParameterChange called for parameterName: tf/leafxplus17/value
TsSequenceManager::UpdateForSpecificParameterChange called for parameterName: tf/leafxplus18/value
TsSequenceManager::UpdateForSpecificParameterChange called for parameterName: tf/leafxplus19/value
TsSequenceManager::UpdateForSpecificParameterChange called for parameterName: tf/leafxplus2/value
TsSequenceManager::UpdateForSpecificParameterChange called for parameterName: tf/leafxplus3/value
TsSequenceManager::UpdateForSpecificParameterChange called for parameterName: tf/leafxplus4/value
TsSequenceManager::UpdateForSpecificParameterChange called for parameterName: tf/leafxplus5/value
TsSequenceManager::UpdateForSpecificParameterChange called for parameterName: tf/leafxplus6/value
TsSequenceManager::UpdateForSpecificParameterChange called for parameterName: tf/leafxplus7/value
TsSequenceManager::UpdateForSpecificParameterChange called for parameterName: tf/leafxplus8/value
TsSequenceManager::UpdateForSpecificParameterChange called for parameterName: tf/leafxplus9/value
G4WT5 > Begin processing for Run: 7, History: 0
TsSequenceManager::UpdateForSpecificParameterChange called for parameterName: tf/leafxminus1/value
TsSequenceManager::UpdateForSpecificParameterChange called for parameterName: tf/leafxminus10/value
TsSequenceManager::UpdateForSpecificParameterChange called for parameterName: tf/leafxminus11/value
TsSequenceManager::UpdateForSpecificParameterChange called for parameterName: tf/leafxminus12/value
TsSequenceManager::UpdateForSpecificParameterChange called for parameterName: tf/leafxminus13/value
TsSequenceManager::UpdateForSpecificParameterChange called for parameterName: tf/leafxminus14/value
TsSequenceManager::UpdateForSpecificParameterChange called for parameterName: tf/leafxminus15/value
TsSequenceManager::UpdateForSpecificParameterChange called for parameterName: tf/leafxminus16/value
TsSequenceManager::UpdateForSpecificParameterChange called for parameterName: tf/leafxminus17/value
TsSequenceManager::UpdateForSpecificParameterChange called for parameterName: tf/leafxminus18/value
TsSequenceManager::UpdateForSpecificParameterChange called for parameterName: tf/leafxminus19/value
TsSequenceManager::UpdateForSpecificParameterChange called for parameterName: tf/leafxminus2/value
TsSequenceManager::UpdateForSpecificParameterChange called for parameterName: tf/leafxminus3/value
TsSequenceManager::UpdateForSpecificParameterChange called for parameterName: tf/leafxminus4/value
TsSequenceManager::UpdateForSpecificParameterChange called for parameterName: tf/leafxminus5/value
TsSequenceManager::UpdateForSpecificParameterChange called for parameterName: tf/leafxminus6/value
TsSequenceManager::UpdateForSpecificParameterChange called for parameterName: tf/leafxminus7/value
TsSequenceManager::UpdateForSpecificParameterChange called for parameterName: tf/leafxminus8/value
TsSequenceManager::UpdateForSpecificParameterChange called for parameterName: tf/leafxminus9/value
TsSequenceManager::UpdateForSpecificParameterChange called for parameterName: tf/leafxplus1/value
TsSequenceManager::UpdateForSpecificParameterChange called for parameterName: tf/leafxplus10/value
TsSequenceManager::UpdateForSpecificParameterChange called for parameterName: tf/leafxplus11/value
TsSequenceManager::UpdateForSpecificParameterChange called for parameterName: tf/leafxplus12/value
TsSequenceManager::UpdateForSpecificParameterChange called for parameterName: tf/leafxplus13/value
TsSequenceManager::UpdateForSpecificParameterChange called for parameterName: tf/leafxplus14/value
TsSequenceManager::UpdateForSpecificParameterChange called for parameterName: tf/leafxplus15/value
TsSequenceManager::UpdateForSpecificParameterChange called for parameterName: tf/leafxplus16/value
TsSequenceManager::UpdateForSpecificParameterChange called for parameterName: tf/leafxplus17/value
TsSequenceManager::UpdateForSpecificParameterChange called for parameterName: tf/leafxplus18/value
TsSequenceManager::UpdateForSpecificParameterChange called for parameterName: tf/leafxplus19/value
TsSequenceManager::UpdateForSpecificParameterChange called for parameterName: tf/leafxplus2/value
TsSequenceManager::UpdateForSpecificParameterChange called for parameterName: tf/leafxplus3/value
TsSequenceManager::UpdateForSpecificParameterChange called for parameterName: tf/leafxplus4/value
TsSequenceManager::UpdateForSpecificParameterChange called for parameterName: tf/leafxplus5/value
TsSequenceManager::UpdateForSpecificParameterChange called for parameterName: tf/leafxplus6/value
TsSequenceManager::UpdateForSpecificParameterChange called for parameterName: tf/leafxplus7/value
TsSequenceManager::UpdateForSpecificParameterChange called for parameterName: tf/leafxplus8/value
TsSequenceManager::UpdateForSpecificParameterChange called for parameterName: tf/leafxplus9/value
G4WT3 > Begin processing for Run: 8, History: 0
TsSequenceManager::UpdateForSpecificParameterChange called for parameterName: tf/leafxminus1/value
TsSequenceManager::UpdateForSpecificParameterChange called for parameterName: tf/leafxminus10/value
TsSequenceManager::UpdateForSpecificParameterChange called for parameterName: tf/leafxminus11/value
TsSequenceManager::UpdateForSpecificParameterChange called for parameterName: tf/leafxminus12/value
TsSequenceManager::UpdateForSpecificParameterChange called for parameterName: tf/leafxminus13/value
TsSequenceManager::UpdateForSpecificParameterChange called for parameterName: tf/leafxminus14/value
TsSequenceManager::UpdateForSpecificParameterChange called for parameterName: tf/leafxminus15/value
TsSequenceManager::UpdateForSpecificParameterChange called for parameterName: tf/leafxminus16/value
TsSequenceManager::UpdateForSpecificParameterChange called for parameterName: tf/leafxminus17/value
TsSequenceManager::UpdateForSpecificParameterChange called for parameterName: tf/leafxminus18/value
TsSequenceManager::UpdateForSpecificParameterChange called for parameterName: tf/leafxminus19/value
TsSequenceManager::UpdateForSpecificParameterChange called for parameterName: tf/leafxminus2/value
TsSequenceManager::UpdateForSpecificParameterChange called for parameterName: tf/leafxminus3/value
TsSequenceManager::UpdateForSpecificParameterChange called for parameterName: tf/leafxminus4/value
TsSequenceManager::UpdateForSpecificParameterChange called for parameterName: tf/leafxminus5/value
TsSequenceManager::UpdateForSpecificParameterChange called for parameterName: tf/leafxminus6/value
TsSequenceManager::UpdateForSpecificParameterChange called for parameterName: tf/leafxminus7/value
TsSequenceManager::UpdateForSpecificParameterChange called for parameterName: tf/leafxminus8/value
TsSequenceManager::UpdateForSpecificParameterChange called for parameterName: tf/leafxminus9/value
TsSequenceManager::UpdateForSpecificParameterChange called for parameterName: tf/leafxplus1/value
TsSequenceManager::UpdateForSpecificParameterChange called for parameterName: tf/leafxplus10/value
TsSequenceManager::UpdateForSpecificParameterChange called for parameterName: tf/leafxplus11/value
TsSequenceManager::UpdateForSpecificParameterChange called for parameterName: tf/leafxplus12/value
TsSequenceManager::UpdateForSpecificParameterChange called for parameterName: tf/leafxplus13/value
TsSequenceManager::UpdateForSpecificParameterChange called for parameterName: tf/leafxplus14/value
TsSequenceManager::UpdateForSpecificParameterChange called for parameterName: tf/leafxplus15/value
TsSequenceManager::UpdateForSpecificParameterChange called for parameterName: tf/leafxplus16/value
TsSequenceManager::UpdateForSpecificParameterChange called for parameterName: tf/leafxplus17/value
TsSequenceManager::UpdateForSpecificParameterChange called for parameterName: tf/leafxplus18/value
TsSequenceManager::UpdateForSpecificParameterChange called for parameterName: tf/leafxplus19/value
TsSequenceManager::UpdateForSpecificParameterChange called for parameterName: tf/leafxplus2/value
TsSequenceManager::UpdateForSpecificParameterChange called for parameterName: tf/leafxplus3/value
TsSequenceManager::UpdateForSpecificParameterChange called for parameterName: tf/leafxplus4/value
TsSequenceManager::UpdateForSpecificParameterChange called for parameterName: tf/leafxplus5/value
TsSequenceManager::UpdateForSpecificParameterChange called for parameterName: tf/leafxplus6/value
TsSequenceManager::UpdateForSpecificParameterChange called for parameterName: tf/leafxplus7/value
TsSequenceManager::UpdateForSpecificParameterChange called for parameterName: tf/leafxplus8/value
TsSequenceManager::UpdateForSpecificParameterChange called for parameterName: tf/leafxplus9/value
G4WT7 > Begin processing for Run: 9, History: 0
TsSequenceManager::UpdateForSpecificParameterChange called for parameterName: tf/beam/current/value
TsSequenceManager::UpdateForSpecificParameterChange called for parameterName: tf/leafxminus1/value
TsSequenceManager::UpdateForSpecificParameterChange called for parameterName: tf/leafxminus10/value
TsSequenceManager::UpdateForSpecificParameterChange called for parameterName: tf/leafxminus11/value
TsSequenceManager::UpdateForSpecificParameterChange called for parameterName: tf/leafxminus12/value
TsSequenceManager::UpdateForSpecificParameterChange called for parameterName: tf/leafxminus13/value
TsSequenceManager::UpdateForSpecificParameterChange called for parameterName: tf/leafxminus14/value
TsSequenceManager::UpdateForSpecificParameterChange called for parameterName: tf/leafxminus15/value
TsSequenceManager::UpdateForSpecificParameterChange called for parameterName: tf/leafxminus16/value
TsSequenceManager::UpdateForSpecificParameterChange called for parameterName: tf/leafxminus17/value
TsSequenceManager::UpdateForSpecificParameterChange called for parameterName: tf/leafxminus18/value
TsSequenceManager::UpdateForSpecificParameterChange called for parameterName: tf/leafxminus19/value
TsSequenceManager::UpdateForSpecificParameterChange called for parameterName: tf/leafxminus2/value
TsSequenceManager::UpdateForSpecificParameterChange called for parameterName: tf/leafxminus3/value
TsSequenceManager::UpdateForSpecificParameterChange called for parameterName: tf/leafxminus4/value
TsSequenceManager::UpdateForSpecificParameterChange called for parameterName: tf/leafxminus5/value
TsSequenceManager::UpdateForSpecificParameterChange called for parameterName: tf/leafxminus6/value
TsSequenceManager::UpdateForSpecificParameterChange called for parameterName: tf/leafxminus7/value
TsSequenceManager::UpdateForSpecificParameterChange called for parameterName: tf/leafxminus8/value
TsSequenceManager::UpdateForSpecificParameterChange called for parameterName: tf/leafxminus9/value
TsSequenceManager::UpdateForSpecificParameterChange called for parameterName: tf/leafxplus1/value
TsSequenceManager::UpdateForSpecificParameterChange called for parameterName: tf/leafxplus10/value
TsSequenceManager::UpdateForSpecificParameterChange called for parameterName: tf/leafxplus11/value
TsSequenceManager::UpdateForSpecificParameterChange called for parameterName: tf/leafxplus12/value
TsSequenceManager::UpdateForSpecificParameterChange called for parameterName: tf/leafxplus13/value
TsSequenceManager::UpdateForSpecificParameterChange called for parameterName: tf/leafxplus14/value
TsSequenceManager::UpdateForSpecificParameterChange called for parameterName: tf/leafxplus15/value
TsSequenceManager::UpdateForSpecificParameterChange called for parameterName: tf/leafxplus16/value
TsSequenceManager::UpdateForSpecificParameterChange called for parameterName: tf/leafxplus17/value
TsSequenceManager::UpdateForSpecificParameterChange called for parameterName: tf/leafxplus18/value
TsSequenceManager::UpdateForSpecificParameterChange called for parameterName: tf/leafxplus19/value
TsSequenceManager::UpdateForSpecificParameterChange called for parameterName: tf/leafxplus2/value
TsSequenceManager::UpdateForSpecificParameterChange called for parameterName: tf/leafxplus3/value
TsSequenceManager::UpdateForSpecificParameterChange called for parameterName: tf/leafxplus4/value
TsSequenceManager::UpdateForSpecificParameterChange called for parameterName: tf/leafxplus5/value
TsSequenceManager::UpdateForSpecificParameterChange called for parameterName: tf/leafxplus6/value
TsSequenceManager::UpdateForSpecificParameterChange called for parameterName: tf/leafxplus7/value
TsSequenceManager::UpdateForSpecificParameterChange called for parameterName: tf/leafxplus8/value
TsSequenceManager::UpdateForSpecificParameterChange called for parameterName: tf/leafxplus9/value
G4WT2 > Begin processing for Run: 10, History: 0
TsSequenceManager::UpdateForSpecificParameterChange called for parameterName: tf/leafxminus1/value
TsSequenceManager::UpdateForSpecificParameterChange called for parameterName: tf/leafxminus10/value
TsSequenceManager::UpdateForSpecificParameterChange called for parameterName: tf/leafxminus11/value
TsSequenceManager::UpdateForSpecificParameterChange called for parameterName: tf/leafxminus12/value
TsSequenceManager::UpdateForSpecificParameterChange called for parameterName: tf/leafxminus13/value
TsSequenceManager::UpdateForSpecificParameterChange called for parameterName: tf/leafxminus14/value
TsSequenceManager::UpdateForSpecificParameterChange called for parameterName: tf/leafxminus15/value
TsSequenceManager::UpdateForSpecificParameterChange called for parameterName: tf/leafxminus16/value
TsSequenceManager::UpdateForSpecificParameterChange called for parameterName: tf/leafxminus17/value
TsSequenceManager::UpdateForSpecificParameterChange called for parameterName: tf/leafxminus18/value
TsSequenceManager::UpdateForSpecificParameterChange called for parameterName: tf/leafxminus19/value
TsSequenceManager::UpdateForSpecificParameterChange called for parameterName: tf/leafxminus2/value
TsSequenceManager::UpdateForSpecificParameterChange called for parameterName: tf/leafxminus3/value
TsSequenceManager::UpdateForSpecificParameterChange called for parameterName: tf/leafxminus4/value
TsSequenceManager::UpdateForSpecificParameterChange called for parameterName: tf/leafxminus5/value
TsSequenceManager::UpdateForSpecificParameterChange called for parameterName: tf/leafxminus6/value
TsSequenceManager::UpdateForSpecificParameterChange called for parameterName: tf/leafxminus7/value
TsSequenceManager::UpdateForSpecificParameterChange called for parameterName: tf/leafxminus8/value
TsSequenceManager::UpdateForSpecificParameterChange called for parameterName: tf/leafxminus9/value
TsSequenceManager::UpdateForSpecificParameterChange called for parameterName: tf/leafxplus1/value
TsSequenceManager::UpdateForSpecificParameterChange called for parameterName: tf/leafxplus10/value
TsSequenceManager::UpdateForSpecificParameterChange called for parameterName: tf/leafxplus11/value
TsSequenceManager::UpdateForSpecificParameterChange called for parameterName: tf/leafxplus12/value
TsSequenceManager::UpdateForSpecificParameterChange called for parameterName: tf/leafxplus13/value
TsSequenceManager::UpdateForSpecificParameterChange called for parameterName: tf/leafxplus14/value
TsSequenceManager::UpdateForSpecificParameterChange called for parameterName: tf/leafxplus15/value
TsSequenceManager::UpdateForSpecificParameterChange called for parameterName: tf/leafxplus16/value
TsSequenceManager::UpdateForSpecificParameterChange called for parameterName: tf/leafxplus17/value
TsSequenceManager::UpdateForSpecificParameterChange called for parameterName: tf/leafxplus18/value
TsSequenceManager::UpdateForSpecificParameterChange called for parameterName: tf/leafxplus19/value
TsSequenceManager::UpdateForSpecificParameterChange called for parameterName: tf/leafxplus2/value
TsSequenceManager::UpdateForSpecificParameterChange called for parameterName: tf/leafxplus3/value
TsSequenceManager::UpdateForSpecificParameterChange called for parameterName: tf/leafxplus4/value
TsSequenceManager::UpdateForSpecificParameterChange called for parameterName: tf/leafxplus5/value
TsSequenceManager::UpdateForSpecificParameterChange called for parameterName: tf/leafxplus6/value
TsSequenceManager::UpdateForSpecificParameterChange called for parameterName: tf/leafxplus7/value
TsSequenceManager::UpdateForSpecificParameterChange called for parameterName: tf/leafxplus8/value
TsSequenceManager::UpdateForSpecificParameterChange called for parameterName: tf/leafxplus9/value
G4WT0 > Begin processing for Run: 11, History: 0
TsSequenceManager::UpdateForSpecificParameterChange called for parameterName: tf/leafxminus1/value
TsSequenceManager::UpdateForSpecificParameterChange called for parameterName: tf/leafxminus10/value
TsSequenceManager::UpdateForSpecificParameterChange called for parameterName: tf/leafxminus11/value
TsSequenceManager::UpdateForSpecificParameterChange called for parameterName: tf/leafxminus12/value
TsSequenceManager::UpdateForSpecificParameterChange called for parameterName: tf/leafxminus13/value
TsSequenceManager::UpdateForSpecificParameterChange called for parameterName: tf/leafxminus14/value
TsSequenceManager::UpdateForSpecificParameterChange called for parameterName: tf/leafxminus15/value
TsSequenceManager::UpdateForSpecificParameterChange called for parameterName: tf/leafxminus16/value
TsSequenceManager::UpdateForSpecificParameterChange called for parameterName: tf/leafxminus17/value
TsSequenceManager::UpdateForSpecificParameterChange called for parameterName: tf/leafxminus18/value
TsSequenceManager::UpdateForSpecificParameterChange called for parameterName: tf/leafxminus19/value
TsSequenceManager::UpdateForSpecificParameterChange called for parameterName: tf/leafxminus2/value
TsSequenceManager::UpdateForSpecificParameterChange called for parameterName: tf/leafxminus3/value
TsSequenceManager::UpdateForSpecificParameterChange called for parameterName: tf/leafxminus4/value
TsSequenceManager::UpdateForSpecificParameterChange called for parameterName: tf/leafxminus5/value
TsSequenceManager::UpdateForSpecificParameterChange called for parameterName: tf/leafxminus6/value
TsSequenceManager::UpdateForSpecificParameterChange called for parameterName: tf/leafxminus7/value
TsSequenceManager::UpdateForSpecificParameterChange called for parameterName: tf/leafxminus8/value
TsSequenceManager::UpdateForSpecificParameterChange called for parameterName: tf/leafxminus9/value
TsSequenceManager::UpdateForSpecificParameterChange called for parameterName: tf/leafxplus1/value
TsSequenceManager::UpdateForSpecificParameterChange called for parameterName: tf/leafxplus10/value
TsSequenceManager::UpdateForSpecificParameterChange called for parameterName: tf/leafxplus11/value
TsSequenceManager::UpdateForSpecificParameterChange called for parameterName: tf/leafxplus12/value
TsSequenceManager::UpdateForSpecificParameterChange called for parameterName: tf/leafxplus13/value
TsSequenceManager::UpdateForSpecificParameterChange called for parameterName: tf/leafxplus14/value
TsSequenceManager::UpdateForSpecificParameterChange called for parameterName: tf/leafxplus15/value
TsSequenceManager::UpdateForSpecificParameterChange called for parameterName: tf/leafxplus16/value
TsSequenceManager::UpdateForSpecificParameterChange called for parameterName: tf/leafxplus17/value
TsSequenceManager::UpdateForSpecificParameterChange called for parameterName: tf/leafxplus18/value
TsSequenceManager::UpdateForSpecificParameterChange called for parameterName: tf/leafxplus19/value
TsSequenceManager::UpdateForSpecificParameterChange called for parameterName: tf/leafxplus2/value
TsSequenceManager::UpdateForSpecificParameterChange called for parameterName: tf/leafxplus3/value
TsSequenceManager::UpdateForSpecificParameterChange called for parameterName: tf/leafxplus4/value
TsSequenceManager::UpdateForSpecificParameterChange called for parameterName: tf/leafxplus5/value
TsSequenceManager::UpdateForSpecificParameterChange called for parameterName: tf/leafxplus6/value
TsSequenceManager::UpdateForSpecificParameterChange called for parameterName: tf/leafxplus7/value
TsSequenceManager::UpdateForSpecificParameterChange called for parameterName: tf/leafxplus8/value
TsSequenceManager::UpdateForSpecificParameterChange called for parameterName: tf/leafxplus9/value
G4WT3 > Begin processing for Run: 12, History: 0
TsSequenceManager::UpdateForSpecificParameterChange called for parameterName: tf/leafxminus1/value
TsSequenceManager::UpdateForSpecificParameterChange called for parameterName: tf/leafxminus10/value
TsSequenceManager::UpdateForSpecificParameterChange called for parameterName: tf/leafxminus11/value
TsSequenceManager::UpdateForSpecificParameterChange called for parameterName: tf/leafxminus12/value
TsSequenceManager::UpdateForSpecificParameterChange called for parameterName: tf/leafxminus13/value
TsSequenceManager::UpdateForSpecificParameterChange called for parameterName: tf/leafxminus14/value
TsSequenceManager::UpdateForSpecificParameterChange called for parameterName: tf/leafxminus15/value
TsSequenceManager::UpdateForSpecificParameterChange called for parameterName: tf/leafxminus16/value
TsSequenceManager::UpdateForSpecificParameterChange called for parameterName: tf/leafxminus17/value
TsSequenceManager::UpdateForSpecificParameterChange called for parameterName: tf/leafxminus18/value
TsSequenceManager::UpdateForSpecificParameterChange called for parameterName: tf/leafxminus19/value
TsSequenceManager::UpdateForSpecificParameterChange called for parameterName: tf/leafxminus2/value
TsSequenceManager::UpdateForSpecificParameterChange called for parameterName: tf/leafxminus3/value
TsSequenceManager::UpdateForSpecificParameterChange called for parameterName: tf/leafxminus4/value
TsSequenceManager::UpdateForSpecificParameterChange called for parameterName: tf/leafxminus5/value
TsSequenceManager::UpdateForSpecificParameterChange called for parameterName: tf/leafxminus6/value
TsSequenceManager::UpdateForSpecificParameterChange called for parameterName: tf/leafxminus7/value
TsSequenceManager::UpdateForSpecificParameterChange called for parameterName: tf/leafxminus8/value
TsSequenceManager::UpdateForSpecificParameterChange called for parameterName: tf/leafxminus9/value
TsSequenceManager::UpdateForSpecificParameterChange called for parameterName: tf/leafxplus1/value
TsSequenceManager::UpdateForSpecificParameterChange called for parameterName: tf/leafxplus10/value
TsSequenceManager::UpdateForSpecificParameterChange called for parameterName: tf/leafxplus11/value
TsSequenceManager::UpdateForSpecificParameterChange called for parameterName: tf/leafxplus12/value
TsSequenceManager::UpdateForSpecificParameterChange called for parameterName: tf/leafxplus13/value
TsSequenceManager::UpdateForSpecificParameterChange called for parameterName: tf/leafxplus14/value
TsSequenceManager::UpdateForSpecificParameterChange called for parameterName: tf/leafxplus15/value
TsSequenceManager::UpdateForSpecificParameterChange called for parameterName: tf/leafxplus16/value
TsSequenceManager::UpdateForSpecificParameterChange called for parameterName: tf/leafxplus17/value
TsSequenceManager::UpdateForSpecificParameterChange called for parameterName: tf/leafxplus18/value
TsSequenceManager::UpdateForSpecificParameterChange called for parameterName: tf/leafxplus19/value
TsSequenceManager::UpdateForSpecificParameterChange called for parameterName: tf/leafxplus2/value
TsSequenceManager::UpdateForSpecificParameterChange called for parameterName: tf/leafxplus3/value
TsSequenceManager::UpdateForSpecificParameterChange called for parameterName: tf/leafxplus4/value
TsSequenceManager::UpdateForSpecificParameterChange called for parameterName: tf/leafxplus5/value
TsSequenceManager::UpdateForSpecificParameterChange called for parameterName: tf/leafxplus6/value
TsSequenceManager::UpdateForSpecificParameterChange called for parameterName: tf/leafxplus7/value
TsSequenceManager::UpdateForSpecificParameterChange called for parameterName: tf/leafxplus8/value
TsSequenceManager::UpdateForSpecificParameterChange called for parameterName: tf/leafxplus9/value
G4WT6 > Begin processing for Run: 13, History: 0
TsSequenceManager::UpdateForSpecificParameterChange called for parameterName: tf/leafxminus1/value
TsSequenceManager::UpdateForSpecificParameterChange called for parameterName: tf/leafxminus10/value
TsSequenceManager::UpdateForSpecificParameterChange called for parameterName: tf/leafxminus11/value
TsSequenceManager::UpdateForSpecificParameterChange called for parameterName: tf/leafxminus12/value
TsSequenceManager::UpdateForSpecificParameterChange called for parameterName: tf/leafxminus13/value
TsSequenceManager::UpdateForSpecificParameterChange called for parameterName: tf/leafxminus14/value
TsSequenceManager::UpdateForSpecificParameterChange called for parameterName: tf/leafxminus15/value
TsSequenceManager::UpdateForSpecificParameterChange called for parameterName: tf/leafxminus16/value
TsSequenceManager::UpdateForSpecificParameterChange called for parameterName: tf/leafxminus17/value
TsSequenceManager::UpdateForSpecificParameterChange called for parameterName: tf/leafxminus18/value
TsSequenceManager::UpdateForSpecificParameterChange called for parameterName: tf/leafxminus19/value
TsSequenceManager::UpdateForSpecificParameterChange called for parameterName: tf/leafxminus2/value
TsSequenceManager::UpdateForSpecificParameterChange called for parameterName: tf/leafxminus3/value
TsSequenceManager::UpdateForSpecificParameterChange called for parameterName: tf/leafxminus4/value
TsSequenceManager::UpdateForSpecificParameterChange called for parameterName: tf/leafxminus5/value
TsSequenceManager::UpdateForSpecificParameterChange called for parameterName: tf/leafxminus6/value
TsSequenceManager::UpdateForSpecificParameterChange called for parameterName: tf/leafxminus7/value
TsSequenceManager::UpdateForSpecificParameterChange called for parameterName: tf/leafxminus8/value
TsSequenceManager::UpdateForSpecificParameterChange called for parameterName: tf/leafxminus9/value
TsSequenceManager::UpdateForSpecificParameterChange called for parameterName: tf/leafxplus1/value
TsSequenceManager::UpdateForSpecificParameterChange called for parameterName: tf/leafxplus10/value
TsSequenceManager::UpdateForSpecificParameterChange called for parameterName: tf/leafxplus11/value
TsSequenceManager::UpdateForSpecificParameterChange called for parameterName: tf/leafxplus12/value
TsSequenceManager::UpdateForSpecificParameterChange called for parameterName: tf/leafxplus13/value
TsSequenceManager::UpdateForSpecificParameterChange called for parameterName: tf/leafxplus14/value
TsSequenceManager::UpdateForSpecificParameterChange called for parameterName: tf/leafxplus15/value
TsSequenceManager::UpdateForSpecificParameterChange called for parameterName: tf/leafxplus16/value
TsSequenceManager::UpdateForSpecificParameterChange called for parameterName: tf/leafxplus17/value
TsSequenceManager::UpdateForSpecificParameterChange called for parameterName: tf/leafxplus18/value
TsSequenceManager::UpdateForSpecificParameterChange called for parameterName: tf/leafxplus19/value
TsSequenceManager::UpdateForSpecificParameterChange called for parameterName: tf/leafxplus2/value
TsSequenceManager::UpdateForSpecificParameterChange called for parameterName: tf/leafxplus3/value
TsSequenceManager::UpdateForSpecificParameterChange called for parameterName: tf/leafxplus4/value
TsSequenceManager::UpdateForSpecificParameterChange called for parameterName: tf/leafxplus5/value
TsSequenceManager::UpdateForSpecificParameterChange called for parameterName: tf/leafxplus6/value
TsSequenceManager::UpdateForSpecificParameterChange called for parameterName: tf/leafxplus7/value
TsSequenceManager::UpdateForSpecificParameterChange called for parameterName: tf/leafxplus8/value
TsSequenceManager::UpdateForSpecificParameterChange called for parameterName: tf/leafxplus9/value
G4WT6 > Begin processing for Run: 14, History: 0

TOPAS run sequence complete.
Particle source Demo: Total number of histories: 0
Particle source PencilBeam: Total number of histories: 45455

Scorer: Patient/Tally_DoseToMedium
Results have been written to file: score_matRad_plan_field1_run3_physicalDose.bin with header file: score_matRad_plan_field1_run3_physicalDose.binheader

Elapsed times:
Parameter Reading : User=0.000000s Real=0.014779s Sys=0.000000s [Cpu=0.0%]
    Initialization: User=1.080000s Real=1.459552s Sys=0.280000s [Cpu=93.2%]
         Execution: User=137.430000s Real=356.938824s Sys=586.850000s [Cpu=202.9%]
      Finalization: User=0.000000s Real=0.044154s Sys=0.030000s [Cpu=67.9%]
             Total: User=138.51s Real=358.457s Sys=587.16s
